-------------------------------------------------------------------------------
Test set: sfgpetclinic.amadousarr.SfgPetClinicApplicationTests
-------------------------------------------------------------------------------
Tests run: 1, Failures: 0, Errors: 1, Skipped: 0, Time elapsed: 0.199 s <<< FAILURE! - in sfgpetclinic.amadousarr.SfgPetClinicApplicationTests
sfgpetclinic.amadousarr.SfgPetClinicApplicationTests  Time elapsed: 0.197 s  <<< ERROR!
java.lang.IllegalStateException: Unable to find a @SpringBootConfiguration, you need to use @ContextConfiguration or @SpringBootTest(classes=...) with your test

